/home/fs72306/leijx0408/.conda/envs/svdp/lib/python3.8/site-packages/timm/models/layers/__init__.py:48: FutureWarning: Importing from timm.models.layers is deprecated, please import via timm.layers
  warnings.warn(f"Importing from {__name__} is deprecated, please import via timm.layers", FutureWarning)
/home/fs72306/leijx0408/.conda/envs/svdp/lib/python3.8/site-packages/timm/models/registry.py:4: FutureWarning: Importing from timm.models.registry is deprecated, please import via timm.models
  warnings.warn(f"Importing from {__name__} is deprecated, please import via timm.models", FutureWarning)
wandb: Currently logged in as: leijixiang0408 (jonas-tug). Use `wandb login --relogin` to force relogin
wandb: wandb version 0.19.9 is available!  To upgrade, please run:
wandb:  $ pip install wandb --upgrade
wandb: Tracking run with wandb version 0.16.2
wandb: Run data is saved locally in /home/fs72306/leijx0408/SVDP_cross_stage_consistency_warmup_vsc/wandb/run-20250421_124843-pyhcomty
wandb: Run `wandb offline` to turn off syncing.
wandb: Syncing run debug
wandb: ⭐️ View project at https://wandb.ai/jonas-tug/SVDP_cross_stage_consistency_warmup_vsc-tools
wandb: 🚀 View run at https://wandb.ai/jonas-tug/SVDP_cross_stage_consistency_warmup_vsc-tools/runs/pyhcomty
2025-04-21 12:48:47,480 - mmseg - INFO - Loaded 400 images
2025-04-21 12:48:47,487 - mmseg - INFO - Loaded 400 images
2025-04-21 12:48:47,494 - mmseg - INFO - Loaded 400 images
2025-04-21 12:48:47,501 - mmseg - INFO - Loaded 400 images
wandb: - 0.108 MB of 0.108 MB uploadedwandb: \ 0.108 MB of 0.108 MB uploadedwandb: | 0.108 MB of 0.108 MB uploadedwandb: / 0.108 MB of 0.108 MB uploadedwandb: - 0.183 MB of 0.197 MB uploaded (0.007 MB deduped)wandb: \ 0.197 MB of 0.197 MB uploaded (0.007 MB deduped)wandb: 
wandb: Run history:
wandb: revisiting_step ▁
wandb: 
wandb: Run summary:
wandb: revisiting_step 0
wandb: 
wandb: 🚀 View run debug at: https://wandb.ai/jonas-tug/SVDP_cross_stage_consistency_warmup_vsc-tools/runs/pyhcomty
wandb: ️⚡ View job at https://wandb.ai/jonas-tug/SVDP_cross_stage_consistency_warmup_vsc-tools/jobs/QXJ0aWZhY3RDb2xsZWN0aW9uOjYxNTkyMzI1NA==/version_details/v34
wandb: Synced 6 W&B file(s), 0 media file(s), 3 artifact file(s) and 1 other file(s)
wandb: Find logs at: ./wandb/run-20250421_124843-pyhcomty/logs
Traceback (most recent call last):
  File "tools/svdp.py", line 337, in <module>
    main()
  File "tools/svdp.py", line 297, in main
    outputs = single_gpu_svdp(args, model, data_loader, args.show, args.show_dir,
  File "/home/fs72306/leijx0408/SVDP_cross_stage_consistency_warmup_vsc/mmseg/apis/test.py", line 744, in single_gpu_svdp
    total_loss.backward()
  File "/home/fs72306/leijx0408/.conda/envs/svdp/lib/python3.8/site-packages/torch/_tensor.py", line 307, in backward
    torch.autograd.backward(self, gradient, retain_graph, create_graph, inputs=inputs)
  File "/home/fs72306/leijx0408/.conda/envs/svdp/lib/python3.8/site-packages/torch/autograd/__init__.py", line 154, in backward
    Variable._execution_engine.run_backward(
RuntimeError: element 0 of tensors does not require grad and does not have a grad_fn
Exception in thread IntMsgThr:
Traceback (most recent call last):
  File "/home/fs72306/leijx0408/.conda/envs/svdp/lib/python3.8/threading.py", line 932, in _bootstrap_inner
Exception in thread NetStatThr:
Traceback (most recent call last):
  File "/home/fs72306/leijx0408/.conda/envs/svdp/lib/python3.8/threading.py", line 932, in _bootstrap_inner
    self.run()
  File "/home/fs72306/leijx0408/.conda/envs/svdp/lib/python3.8/threading.py", line 870, in run
    self._target(*self._args, **self._kwargs)
  File "/home/fs72306/leijx0408/.conda/envs/svdp/lib/python3.8/site-packages/wandb/sdk/wandb_run.py", line 268, in check_network_status
    self.run()
  File "/home/fs72306/leijx0408/.conda/envs/svdp/lib/python3.8/threading.py", line 870, in run
    self._target(*self._args, **self._kwargs)
  File "/home/fs72306/leijx0408/.conda/envs/svdp/lib/python3.8/site-packages/wandb/sdk/wandb_run.py", line 300, in check_internal_messages
    self._loop_check_status(
  File "/home/fs72306/leijx0408/.conda/envs/svdp/lib/python3.8/site-packages/wandb/sdk/wandb_run.py", line 224, in _loop_check_status
    self._loop_check_status(
  File "/home/fs72306/leijx0408/.conda/envs/svdp/lib/python3.8/site-packages/wandb/sdk/wandb_run.py", line 224, in _loop_check_status
    local_handle = request()
  File "/home/fs72306/leijx0408/.conda/envs/svdp/lib/python3.8/site-packages/wandb/sdk/interface/interface.py", line 800, in deliver_internal_messages
    local_handle = request()
  File "/home/fs72306/leijx0408/.conda/envs/svdp/lib/python3.8/site-packages/wandb/sdk/interface/interface.py", line 792, in deliver_network_status
    return self._deliver_internal_messages(internal_message)
  File "/home/fs72306/leijx0408/.conda/envs/svdp/lib/python3.8/site-packages/wandb/sdk/interface/interface_shared.py", line 506, in _deliver_internal_messages
    return self._deliver_network_status(status)
  File "/home/fs72306/leijx0408/.conda/envs/svdp/lib/python3.8/site-packages/wandb/sdk/interface/interface_shared.py", line 500, in _deliver_network_status
    return self._deliver_record(record)
  File "/home/fs72306/leijx0408/.conda/envs/svdp/lib/python3.8/site-packages/wandb/sdk/interface/interface_shared.py", line 449, in _deliver_record
    return self._deliver_record(record)
  File "/home/fs72306/leijx0408/.conda/envs/svdp/lib/python3.8/site-packages/wandb/sdk/interface/interface_shared.py", line 449, in _deliver_record
    handle = mailbox._deliver_record(record, interface=self)
  File "/home/fs72306/leijx0408/.conda/envs/svdp/lib/python3.8/site-packages/wandb/sdk/lib/mailbox.py", line 455, in _deliver_record
    handle = mailbox._deliver_record(record, interface=self)
  File "/home/fs72306/leijx0408/.conda/envs/svdp/lib/python3.8/site-packages/wandb/sdk/lib/mailbox.py", line 455, in _deliver_record
    interface._publish(record)
  File "/home/fs72306/leijx0408/.conda/envs/svdp/lib/python3.8/site-packages/wandb/sdk/interface/interface_sock.py", line 51, in _publish
    interface._publish(record)
  File "/home/fs72306/leijx0408/.conda/envs/svdp/lib/python3.8/site-packages/wandb/sdk/interface/interface_sock.py", line 51, in _publish
    self._sock_client.send_record_publish(record)
  File "/home/fs72306/leijx0408/.conda/envs/svdp/lib/python3.8/site-packages/wandb/sdk/lib/sock_client.py", line 221, in send_record_publish
    self._sock_client.send_record_publish(record)
  File "/home/fs72306/leijx0408/.conda/envs/svdp/lib/python3.8/site-packages/wandb/sdk/lib/sock_client.py", line 221, in send_record_publish
    self.send_server_request(server_req)
  File "/home/fs72306/leijx0408/.conda/envs/svdp/lib/python3.8/site-packages/wandb/sdk/lib/sock_client.py", line 155, in send_server_request
    self.send_server_request(server_req)
  File "/home/fs72306/leijx0408/.conda/envs/svdp/lib/python3.8/site-packages/wandb/sdk/lib/sock_client.py", line 155, in send_server_request
    self._send_message(msg)
  File "/home/fs72306/leijx0408/.conda/envs/svdp/lib/python3.8/site-packages/wandb/sdk/lib/sock_client.py", line 152, in _send_message
    self._send_message(msg)
  File "/home/fs72306/leijx0408/.conda/envs/svdp/lib/python3.8/site-packages/wandb/sdk/lib/sock_client.py", line 152, in _send_message
    self._sendall_with_error_handle(header + data)
  File "/home/fs72306/leijx0408/.conda/envs/svdp/lib/python3.8/site-packages/wandb/sdk/lib/sock_client.py", line 130, in _sendall_with_error_handle
    self._sendall_with_error_handle(header + data)
  File "/home/fs72306/leijx0408/.conda/envs/svdp/lib/python3.8/site-packages/wandb/sdk/lib/sock_client.py", line 130, in _sendall_with_error_handle
    sent = self._sock.send(data)
BrokenPipeError: [Errno 32] Broken pipe
    sent = self._sock.send(data)
BrokenPipeError: [Errno 32] Broken pipe
