/home/fs72306/leijx0408/.conda/envs/svdp/lib/python3.8/site-packages/timm/models/layers/__init__.py:48: FutureWarning: Importing from timm.models.layers is deprecated, please import via timm.layers
  warnings.warn(f"Importing from {__name__} is deprecated, please import via timm.layers", FutureWarning)
/home/fs72306/leijx0408/.conda/envs/svdp/lib/python3.8/site-packages/timm/models/registry.py:4: FutureWarning: Importing from timm.models.registry is deprecated, please import via timm.models
  warnings.warn(f"Importing from {__name__} is deprecated, please import via timm.models", FutureWarning)
wandb: Currently logged in as: leijixiang0408 (jonas-tug). Use `wandb login --relogin` to force relogin
wandb: wandb version 0.19.9 is available!  To upgrade, please run:
wandb:  $ pip install wandb --upgrade
wandb: Tracking run with wandb version 0.16.2
wandb: Run data is saved locally in /home/fs72306/leijx0408/SVDP_cross_stage_consistency_warmup_vsc/wandb/run-20250419_231639-83qigo8k
wandb: Run `wandb offline` to turn off syncing.
wandb: Syncing run debug
wandb: ⭐️ View project at https://wandb.ai/jonas-tug/SVDP_cross_stage_consistency_warmup_vsc-tools
wandb: 🚀 View run at https://wandb.ai/jonas-tug/SVDP_cross_stage_consistency_warmup_vsc-tools/runs/83qigo8k
2025-04-19 23:16:43,381 - mmseg - INFO - Loaded 400 images
2025-04-19 23:16:43,386 - mmseg - INFO - Loaded 400 images
2025-04-19 23:16:43,392 - mmseg - INFO - Loaded 400 images
2025-04-19 23:16:43,399 - mmseg - INFO - Loaded 400 images
wandb: - 0.100 MB of 0.100 MB uploadedwandb: \ 0.100 MB of 0.100 MB uploadedwandb: | 0.100 MB of 0.100 MB uploadedwandb: / 0.100 MB of 0.100 MB uploadedwandb: - 0.168 MB of 0.181 MB uploaded (0.004 MB deduped)wandb: 🚀 View run debug at: https://wandb.ai/jonas-tug/SVDP_cross_stage_consistency_warmup_vsc-tools/runs/83qigo8k
wandb: ️⚡ View job at https://wandb.ai/jonas-tug/SVDP_cross_stage_consistency_warmup_vsc-tools/jobs/QXJ0aWZhY3RDb2xsZWN0aW9uOjYxNTkyMzI1NA==/version_details/v11
wandb: Synced 6 W&B file(s), 0 media file(s), 3 artifact file(s) and 1 other file(s)
wandb: Find logs at: ./wandb/run-20250419_231639-83qigo8k/logs
Traceback (most recent call last):
  File "tools/svdp.py", line 335, in <module>
    main()
  File "tools/svdp.py", line 262, in main
    checkpoint = load_checkpoint(model, args.checkpoint, map_location='cpu')
  File "/home/fs72306/leijx0408/.conda/envs/svdp/lib/python3.8/site-packages/mmcv/runner/checkpoint.py", line 531, in load_checkpoint
    checkpoint = _load_checkpoint(filename, map_location, logger)
  File "/home/fs72306/leijx0408/.conda/envs/svdp/lib/python3.8/site-packages/mmcv/runner/checkpoint.py", line 470, in _load_checkpoint
    return CheckpointLoader.load_checkpoint(filename, map_location, logger)
  File "/home/fs72306/leijx0408/.conda/envs/svdp/lib/python3.8/site-packages/mmcv/runner/checkpoint.py", line 249, in load_checkpoint
    return checkpoint_loader(filename, map_location)
  File "/home/fs72306/leijx0408/.conda/envs/svdp/lib/python3.8/site-packages/mmcv/runner/checkpoint.py", line 265, in load_from_local
    raise IOError(f'{filename} is not a checkpoint file')
OSError: /home/jonaslei/SVDP/segformer.b5.1024x1024.city.160k.pth is not a checkpoint file
