===GPU Info===
Thu May  1 23:58:19 2025       
+---------------------------------------------------------------------------------------+
| NVIDIA-SMI 545.23.08              Driver Version: 545.23.08    CUDA Version: 12.3     |
|-----------------------------------------+----------------------+----------------------+
| GPU  Name                 Persistence-M | Bus-Id        Disp.A | Volatile Uncorr. ECC |
| Fan  Temp   Perf          Pwr:Usage/Cap |         Memory-Usage | GPU-Util  Compute M. |
|                                         |                      |               MIG M. |
|=========================================+======================+======================|
|   0  NVIDIA A100-PCIE-40GB          Off | 00000000:01:00.0 Off |                    0 |
| N/A   42C    P0              36W / 250W |      4MiB / 40960MiB |     37%      Default |
|                                         |                      |             Disabled |
+-----------------------------------------+----------------------+----------------------+
                                                                                         
+---------------------------------------------------------------------------------------+
| Processes:                                                                            |
|  GPU   GI   CI        PID   Type   Process name                            GPU Memory |
|        ID   ID                                                             Usage      |
|=======================================================================================|
|  No running processes found                                                           |
+---------------------------------------------------------------------------------------+
1.10.2+cu113
True
=== GPU Stat===
n3073-011                 Thu May  1 23:58:30 2025  545.23.08
[0] NVIDIA A100-PCIE-40GB | 42°C,  37 % |     4 / 40960 MB |
>>>>>>>>>>>>>>>>>>>>>>>>>>>>init param>>>>>>>>>>>>>>>>>>>>>>>>>>>>>>>>>
model_lr 0.0003
prompt_lr 0.001
prompt_sparse_rate 0.0
ema_rate 0.999
seed 42
scale 0.1
>>>>>>>>>>>>>>>>>>>>>>>>>>>>over param>>>>>>>>>>>>>>>>>>>>>>>>>>>>>>>>>
Config (path: local_configs/segformer/B5/segformer.b5.1024x1024.acdc.160k_p.py): {'norm_cfg': {'type': 'SyncBN', 'requires_grad': True}, 'find_unused_parameters': True, 'model': {'type': 'EncoderDecoder', 'pretrained': None, 'backbone': {'type': 'mit_b5_prompt', 'style': 'pytorch', 'prompt_psize': 20, 'prompt_np_row': 4, 'prompt_sparse_rate': 0.25}, 'decode_head': {'type': 'SegFormerHead', 'in_channels': [64, 128, 320, 512], 'in_index': [0, 1, 2, 3], 'feature_strides': [4, 8, 16, 32], 'channels': 128, 'dropout_ratio': 0.1, 'num_classes': 19, 'norm_cfg': {'type': 'SyncBN', 'requires_grad': True}, 'align_corners': False, 'decoder_params': {'embed_dim': 768}, 'loss_decode': {'type': 'CrossEntropyLoss', 'use_sigmoid': False, 'loss_weight': 1.0, 'reduction': 'none'}}, 'train_cfg': {}, 'test_cfg': {'mode': 'slide', 'crop_size': (1024, 1024), 'stride': (768, 768)}}, 'dataset_type': 'ACDCDataset', 'data_root': '/gpfs/data/fs72306/leijx0408/', 'img_norm_cfg': {'mean': [123.675, 116.28, 103.53], 'std': [58.395, 57.12, 57.375], 'to_rgb': True}, 'crop_size': (224, 224), 'train_pipeline': [{'type': 'LoadImageFromFile'}, {'type': 'LoadAnnotations'}, {'type': 'Resize', 'img_scale': (1920, 1080), 'ratio_range': (0.5, 2.0)}, {'type': 'RandomCrop', 'crop_size': (1024, 1024), 'cat_max_ratio': 0.75}, {'type': 'RandomFlip', 'prob': 0.5}, {'type': 'PhotoMetricDistortion'}, {'type': 'Normalize', 'mean': [123.675, 116.28, 103.53], 'std': [58.395, 57.12, 57.375], 'to_rgb': True}, {'type': 'Pad', 'size': (1024, 1024), 'pad_val': 0, 'seg_pad_val': 255}, {'type': 'DefaultFormatBundle'}, {'type': 'Collect', 'keys': ['img', 'gt_semantic_seg']}], 'test_pipeline': [{'type': 'LoadImageFromFile'}, {'type': 'MultiScaleFlipAug', 'img_scale': (960, 540), 'flip': False, 'transforms': [{'type': 'Resize', 'keep_ratio': True}, {'type': 'RandomFlip'}, {'type': 'Normalize', 'mean': [123.675, 116.28, 103.53], 'std': [58.395, 57.12, 57.375], 'to_rgb': True}, {'type': 'ImageToTensor', 'keys': ['img']}, {'type': 'Collect', 'keys': ['img']}]}], 'data': {'samples_per_gpu': 2, 'workers_per_gpu': 2, 'train': {'type': 'RepeatDataset', 'times': 500, 'dataset': {'type': 'ACDCDataset', 'data_root': '/gpfs/data/fs72306/leijx0408/', 'img_dir': 'leftImg8bit/train', 'ann_dir': 'gtFine/train', 'pipeline': [{'type': 'LoadImageFromFile'}, {'type': 'LoadAnnotations'}, {'type': 'Resize', 'img_scale': (1920, 1080), 'ratio_range': (0.5, 2.0)}, {'type': 'RandomCrop', 'crop_size': (1024, 1024), 'cat_max_ratio': 0.75}, {'type': 'RandomFlip', 'prob': 0.5}, {'type': 'PhotoMetricDistortion'}, {'type': 'Normalize', 'mean': [123.675, 116.28, 103.53], 'std': [58.395, 57.12, 57.375], 'to_rgb': True}, {'type': 'Pad', 'size': (1024, 1024), 'pad_val': 0, 'seg_pad_val': 255}, {'type': 'DefaultFormatBundle'}, {'type': 'Collect', 'keys': ['img', 'gt_semantic_seg']}]}}, 'val': {'type': 'ACDCDataset', 'data_root': '/gpfs/data/fs72306/leijx0408/', 'img_dir': 'rgb_anon/fog/train', 'ann_dir': 'gt/fog/train', 'pipeline': [{'type': 'LoadImageFromFile'}, {'type': 'MultiScaleFlipAug', 'img_scale': (960, 540), 'flip': False, 'transforms': [{'type': 'Resize', 'keep_ratio': True}, {'type': 'RandomFlip'}, {'type': 'Normalize', 'mean': [123.675, 116.28, 103.53], 'std': [58.395, 57.12, 57.375], 'to_rgb': True}, {'type': 'ImageToTensor', 'keys': ['img']}, {'type': 'Collect', 'keys': ['img']}]}]}, 'test': {'type': 'ACDCDataset', 'data_root': '/gpfs/data/fs72306/leijx0408/', 'img_dir': 'rgb_anon/fog/train', 'ann_dir': 'gt/fog/train', 'pipeline': [{'type': 'LoadImageFromFile'}, {'type': 'MultiScaleFlipAug', 'img_scale': (960, 540), 'flip': True, 'transforms': [{'type': 'Resize', 'keep_ratio': True}, {'type': 'RandomFlip'}, {'type': 'Normalize', 'mean': [123.675, 116.28, 103.53], 'std': [58.395, 57.12, 57.375], 'to_rgb': True}, {'type': 'ImageToTensor', 'keys': ['img']}, {'type': 'Collect', 'keys': ['img']}], 'img_ratios': [0.5, 0.75, 1.0, 1.25, 1.5, 1.75, 2.0]}], 'test_mode': True}, 'test1': {'type': 'ACDCDataset', 'data_root': '/gpfs/data/fs72306/leijx0408/', 'img_dir': 'rgb_anon/night/train', 'ann_dir': 'gt/night/train', 'pipeline': [{'type': 'LoadImageFromFile'}, {'type': 'MultiScaleFlipAug', 'img_scale': (960, 540), 'flip': True, 'transforms': [{'type': 'Resize', 'keep_ratio': True}, {'type': 'RandomFlip'}, {'type': 'Normalize', 'mean': [123.675, 116.28, 103.53], 'std': [58.395, 57.12, 57.375], 'to_rgb': True}, {'type': 'ImageToTensor', 'keys': ['img']}, {'type': 'Collect', 'keys': ['img']}], 'img_ratios': [0.5, 0.75, 1.0, 1.25, 1.5, 1.75, 2.0]}]}, 'test2': {'type': 'ACDCDataset', 'data_root': '/gpfs/data/fs72306/leijx0408/', 'img_dir': 'rgb_anon/rain/train', 'ann_dir': 'gt/rain/train', 'pipeline': [{'type': 'LoadImageFromFile'}, {'type': 'MultiScaleFlipAug', 'img_scale': (960, 540), 'flip': True, 'transforms': [{'type': 'Resize', 'keep_ratio': True}, {'type': 'RandomFlip'}, {'type': 'Normalize', 'mean': [123.675, 116.28, 103.53], 'std': [58.395, 57.12, 57.375], 'to_rgb': True}, {'type': 'ImageToTensor', 'keys': ['img']}, {'type': 'Collect', 'keys': ['img']}], 'img_ratios': [0.5, 0.75, 1.0, 1.25, 1.5, 1.75, 2.0]}]}, 'test3': {'type': 'ACDCDataset', 'data_root': '/gpfs/data/fs72306/leijx0408/', 'img_dir': 'rgb_anon/snow/train', 'ann_dir': 'gt/snow/train', 'pipeline': [{'type': 'LoadImageFromFile'}, {'type': 'MultiScaleFlipAug', 'img_scale': (960, 540), 'flip': True, 'transforms': [{'type': 'Resize', 'keep_ratio': True}, {'type': 'RandomFlip'}, {'type': 'Normalize', 'mean': [123.675, 116.28, 103.53], 'std': [58.395, 57.12, 57.375], 'to_rgb': True}, {'type': 'ImageToTensor', 'keys': ['img']}, {'type': 'Collect', 'keys': ['img']}], 'img_ratios': [0.5, 0.75, 1.0, 1.25, 1.5, 1.75, 2.0]}]}}, 'log_config': {'interval': 50, 'hooks': [{'type': 'TextLoggerHook', 'by_epoch': False}]}, 'dist_params': {'backend': 'nccl'}, 'log_level': 'INFO', 'load_from': None, 'resume_from': None, 'workflow': [('train', 1)], 'cudnn_benchmark': True, 'optimizer': {'type': 'AdamW', 'lr': 0.0001, 'betas': (0.9, 0.999), 'weight_decay': 0.01, 'paramwise_cfg': {'custom_keys': {'pos_block': {'decay_mult': 0.0}, 'norm': {'decay_mult': 0.0}, 'head': {'lr_mult': 10.0}}}}, 'optimizer_config': {}, 'lr_config': {'policy': 'poly', 'warmup': 'linear', 'warmup_iters': 1500, 'warmup_ratio': 1e-06, 'power': 1.0, 'min_lr': 0.0, 'by_epoch': False}, 'runner': {'type': 'IterBasedRunner', 'max_iters': 160000}, 'checkpoint_config': {'by_epoch': False, 'interval': 4000}, 'evaluation': {'interval': 4000, 'metric': 'mIoU'}}
