/home/fs72306/leijx0408/.conda/envs/svdp/lib/python3.8/site-packages/timm/models/layers/__init__.py:48: FutureWarning: Importing from timm.models.layers is deprecated, please import via timm.layers
  warnings.warn(f"Importing from {__name__} is deprecated, please import via timm.layers", FutureWarning)
/home/fs72306/leijx0408/.conda/envs/svdp/lib/python3.8/site-packages/timm/models/registry.py:4: FutureWarning: Importing from timm.models.registry is deprecated, please import via timm.models
  warnings.warn(f"Importing from {__name__} is deprecated, please import via timm.models", FutureWarning)
wandb: Currently logged in as: leijixiang0408 (jonas-tug). Use `wandb login --relogin` to force relogin
wandb: wandb version 0.19.9 is available!  To upgrade, please run:
wandb:  $ pip install wandb --upgrade
wandb: Tracking run with wandb version 0.16.2
wandb: Run data is saved locally in /home/fs72306/leijx0408/SVDP_cross_stage_consistency_warmup_vsc/wandb/run-20250419_130011-k6kb4rwg
wandb: Run `wandb offline` to turn off syncing.
wandb: Syncing run debug
wandb: ⭐️ View project at https://wandb.ai/jonas-tug/SVDP_cross_stage_consistency_warmup_vsc-tools
wandb: 🚀 View run at https://wandb.ai/jonas-tug/SVDP_cross_stage_consistency_warmup_vsc-tools/runs/k6kb4rwg
2025-04-19 13:00:16,063 - mmseg - INFO - Loaded 400 images
2025-04-19 13:00:16,075 - mmseg - INFO - Loaded 400 images
2025-04-19 13:00:16,088 - mmseg - INFO - Loaded 400 images
2025-04-19 13:00:16,101 - mmseg - INFO - Loaded 400 images
wandb: - 1.333 MB of 1.333 MB uploaded (1.197 MB deduped)wandb: \ 1.333 MB of 1.333 MB uploaded (1.197 MB deduped)wandb: | 1.333 MB of 1.333 MB uploaded (1.197 MB deduped)wandb: / 1.333 MB of 1.333 MB uploaded (1.197 MB deduped)wandb: - 1.401 MB of 1.419 MB uploaded (1.205 MB deduped)wandb: \ 1.401 MB of 1.419 MB uploaded (1.205 MB deduped)wandb: | 1.419 MB of 1.419 MB uploaded (1.205 MB deduped)wandb:                                                                                
wandb: W&B sync reduced upload amount by 84.9%             
wandb: 
wandb: Run history:
wandb:        All_mIoU ▁
wandb:            mIoU █▁▆▆
wandb:       mean_mIoU ▁
wandb: revisiting_step ▁
wandb: 
wandb: Run summary:
wandb:        All_mIoU 0.60142
wandb:            mIoU 0.6134
wandb:       mean_mIoU 0.60142
wandb: revisiting_step 0
wandb: 
wandb: 🚀 View run debug at: https://wandb.ai/jonas-tug/SVDP_cross_stage_consistency_warmup_vsc-tools/runs/k6kb4rwg
wandb: ️⚡ View job at https://wandb.ai/jonas-tug/SVDP_cross_stage_consistency_warmup_vsc-tools/jobs/QXJ0aWZhY3RDb2xsZWN0aW9uOjYxNTkyMzI1NA==/version_details/v3
wandb: Synced 6 W&B file(s), 0 media file(s), 667 artifact file(s) and 1 other file(s)
wandb: Find logs at: ./wandb/run-20250419_130011-k6kb4rwg/logs
/home/fs72306/leijx0408/.conda/envs/svdp/lib/python3.8/site-packages/timm/models/layers/__init__.py:48: FutureWarning: Importing from timm.models.layers is deprecated, please import via timm.layers
  warnings.warn(f"Importing from {__name__} is deprecated, please import via timm.layers", FutureWarning)
/home/fs72306/leijx0408/.conda/envs/svdp/lib/python3.8/site-packages/timm/models/registry.py:4: FutureWarning: Importing from timm.models.registry is deprecated, please import via timm.models
  warnings.warn(f"Importing from {__name__} is deprecated, please import via timm.models", FutureWarning)
wandb: Currently logged in as: leijixiang0408 (jonas-tug). Use `wandb login --relogin` to force relogin
wandb: wandb version 0.19.9 is available!  To upgrade, please run:
wandb:  $ pip install wandb --upgrade
wandb: Tracking run with wandb version 0.16.2
wandb: Run data is saved locally in /home/fs72306/leijx0408/SVDP_cross_stage_consistency_warmup_vsc/wandb/run-20250419_155150-y8022d1t
wandb: Run `wandb offline` to turn off syncing.
wandb: Syncing run debug
wandb: ⭐️ View project at https://wandb.ai/jonas-tug/SVDP_cross_stage_consistency_warmup_vsc-tools
wandb: 🚀 View run at https://wandb.ai/jonas-tug/SVDP_cross_stage_consistency_warmup_vsc-tools/runs/y8022d1t
2025-04-19 15:51:53,106 - mmseg - INFO - Loaded 400 images
2025-04-19 15:51:53,112 - mmseg - INFO - Loaded 400 images
2025-04-19 15:51:53,119 - mmseg - INFO - Loaded 400 images
2025-04-19 15:51:53,124 - mmseg - INFO - Loaded 400 images
wandb: - 0.100 MB of 0.100 MB uploadedwandb: \ 0.100 MB of 0.100 MB uploadedwandb: | 0.100 MB of 0.100 MB uploadedwandb: / 0.167 MB of 0.181 MB uploaded (0.004 MB deduped)wandb: - 0.181 MB of 0.181 MB uploaded (0.004 MB deduped)wandb: 
wandb: Run history:
wandb: revisiting_step ▁
wandb: 
wandb: Run summary:
wandb: revisiting_step 0
wandb: 
wandb: 🚀 View run debug at: https://wandb.ai/jonas-tug/SVDP_cross_stage_consistency_warmup_vsc-tools/runs/y8022d1t
wandb: ️⚡ View job at https://wandb.ai/jonas-tug/SVDP_cross_stage_consistency_warmup_vsc-tools/jobs/QXJ0aWZhY3RDb2xsZWN0aW9uOjYxNTkyMzI1NA==/version_details/v5
wandb: Synced 6 W&B file(s), 0 media file(s), 3 artifact file(s) and 1 other file(s)
wandb: Find logs at: ./wandb/run-20250419_155150-y8022d1t/logs
Traceback (most recent call last):
  File "tools/svdp.py", line 332, in <module>
    main()
  File "tools/svdp.py", line 292, in main
    outputs = single_gpu_svdp(args, model, data_loader, args.show, args.show_dir,
  File "/home/fs72306/leijx0408/SVDP_cross_stage_consistency_warmup_vsc/mmseg/apis/test.py", line 571, in single_gpu_svdp
    total_loss.backward()
  File "/home/fs72306/leijx0408/.conda/envs/svdp/lib/python3.8/site-packages/torch/_tensor.py", line 307, in backward
    torch.autograd.backward(self, gradient, retain_graph, create_graph, inputs=inputs)
  File "/home/fs72306/leijx0408/.conda/envs/svdp/lib/python3.8/site-packages/torch/autograd/__init__.py", line 154, in backward
    Variable._execution_engine.run_backward(
RuntimeError: element 0 of tensors does not require grad and does not have a grad_fn
