/home/fs72306/leijx0408/.conda/envs/svdp/lib/python3.8/site-packages/timm/models/layers/__init__.py:48: FutureWarning: Importing from timm.models.layers is deprecated, please import via timm.layers
  warnings.warn(f"Importing from {__name__} is deprecated, please import via timm.layers", FutureWarning)
/home/fs72306/leijx0408/.conda/envs/svdp/lib/python3.8/site-packages/timm/models/registry.py:4: FutureWarning: Importing from timm.models.registry is deprecated, please import via timm.models
  warnings.warn(f"Importing from {__name__} is deprecated, please import via timm.models", FutureWarning)
wandb: Currently logged in as: leijixiang0408 (jonas-tug). Use `wandb login --relogin` to force relogin
wandb: wandb version 0.19.9 is available!  To upgrade, please run:
wandb:  $ pip install wandb --upgrade
wandb: Tracking run with wandb version 0.16.2
wandb: Run data is saved locally in /home/fs72306/leijx0408/SVDP_cross_stage_consistency_warmup_vsc/wandb/run-20250419_202715-z3i42sil
wandb: Run `wandb offline` to turn off syncing.
wandb: Syncing run debug
wandb: ⭐️ View project at https://wandb.ai/jonas-tug/SVDP_cross_stage_consistency_warmup_vsc-tools
wandb: 🚀 View run at https://wandb.ai/jonas-tug/SVDP_cross_stage_consistency_warmup_vsc-tools/runs/z3i42sil
2025-04-19 20:27:20,138 - mmseg - INFO - Loaded 400 images
2025-04-19 20:27:20,146 - mmseg - INFO - Loaded 400 images
2025-04-19 20:27:20,153 - mmseg - INFO - Loaded 400 images
2025-04-19 20:27:20,158 - mmseg - INFO - Loaded 400 images
wandb: - 0.234 MB of 2.567 MB uploaded (0.135 MB deduped)wandb: \ 0.234 MB of 2.567 MB uploaded (0.135 MB deduped)wandb: | 0.234 MB of 2.567 MB uploaded (0.135 MB deduped)wandb: / 0.234 MB of 2.567 MB uploaded (0.135 MB deduped)wandb: - 0.234 MB of 2.567 MB uploaded (0.135 MB deduped)wandb: \ 0.234 MB of 2.567 MB uploaded (0.135 MB deduped)wandb: | 0.234 MB of 2.567 MB uploaded (0.135 MB deduped)wandb: / 2.225 MB of 2.653 MB uploaded (2.013 MB deduped)wandb: - 2.331 MB of 2.653 MB uploaded (2.119 MB deduped)wandb: \ 2.653 MB of 2.653 MB uploaded (2.375 MB deduped)wandb: | 2.653 MB of 2.653 MB uploaded (2.375 MB deduped)wandb: / 2.653 MB of 2.653 MB uploaded (2.375 MB deduped)wandb:                                                                                
wandb: W&B sync reduced upload amount by 89.5%             
wandb: 
wandb: Run history:
wandb:        All_mIoU ▁
wandb:            mIoU █▁▆▆
wandb:       mean_mIoU ▁
wandb: revisiting_step ▁
wandb: 
wandb: Run summary:
wandb:        All_mIoU 0.60385
wandb:            mIoU 0.6254
wandb:       mean_mIoU 0.60385
wandb: revisiting_step 0
wandb: 
wandb: 🚀 View run debug at: https://wandb.ai/jonas-tug/SVDP_cross_stage_consistency_warmup_vsc-tools/runs/z3i42sil
wandb: ️⚡ View job at https://wandb.ai/jonas-tug/SVDP_cross_stage_consistency_warmup_vsc-tools/jobs/QXJ0aWZhY3RDb2xsZWN0aW9uOjYxNTkyMzI1NA==/version_details/v12
wandb: Synced 6 W&B file(s), 0 media file(s), 1331 artifact file(s) and 1 other file(s)
wandb: Find logs at: ./wandb/run-20250419_202715-z3i42sil/logs
