/home/fs72306/leijx0408/.conda/envs/svdp/lib/python3.8/site-packages/timm/models/layers/__init__.py:48: FutureWarning: Importing from timm.models.layers is deprecated, please import via timm.layers
  warnings.warn(f"Importing from {__name__} is deprecated, please import via timm.layers", FutureWarning)
/home/fs72306/leijx0408/.conda/envs/svdp/lib/python3.8/site-packages/timm/models/registry.py:4: FutureWarning: Importing from timm.models.registry is deprecated, please import via timm.models
  warnings.warn(f"Importing from {__name__} is deprecated, please import via timm.models", FutureWarning)
wandb: Currently logged in as: leijixiang0408 (jonas-tug). Use `wandb login --relogin` to force relogin
wandb: - Waiting for wandb.init()...wandb: \ Waiting for wandb.init()...wandb: | Waiting for wandb.init()...wandb: wandb version 0.19.10 is available!  To upgrade, please run:
wandb:  $ pip install wandb --upgrade
wandb: Tracking run with wandb version 0.16.2
wandb: Run data is saved locally in /home/fs72306/leijx0408/SVDP_cross_stage_consistency_warmup_vsc/wandb/run-20250425_223822-d7pmls2w
wandb: Run `wandb offline` to turn off syncing.
wandb: Syncing run debug
wandb: ⭐️ View project at https://wandb.ai/jonas-tug/SVDP_cross_stage_consistency_warmup_vsc-tools
wandb: 🚀 View run at https://wandb.ai/jonas-tug/SVDP_cross_stage_consistency_warmup_vsc-tools/runs/d7pmls2w
2025-04-25 22:38:54,801 - mmseg - INFO - Loaded 400 images
2025-04-25 22:38:54,805 - mmseg - INFO - Loaded 400 images
2025-04-25 22:38:54,810 - mmseg - INFO - Loaded 400 images
2025-04-25 22:38:54,814 - mmseg - INFO - Loaded 400 images
wandb: - 0.108 MB of 0.108 MB uploadedwandb: \ 0.108 MB of 0.108 MB uploadedwandb: | 0.108 MB of 0.108 MB uploadedwandb: / 0.183 MB of 0.243 MB uploaded (0.008 MB deduped)wandb: - 0.183 MB of 0.243 MB uploaded (0.008 MB deduped)wandb: \ 0.243 MB of 0.243 MB uploaded (0.008 MB deduped)wandb:                                                                                
wandb: W&B sync reduced upload amount by 3.1%             
wandb: 
wandb: Run history:
wandb:        All_mIoU ▁
wandb:            mIoU █▂▆▆█▁▇▆█▁▇▆
wandb:       mean_mIoU ██▁
wandb: revisiting_step ▁▅█
wandb: 
wandb: Run summary:
wandb:        All_mIoU 0.60974
wandb:            mIoU 0.6281
wandb:       mean_mIoU 0.60198
wandb: revisiting_step 2
wandb: 
wandb: 🚀 View run debug at: https://wandb.ai/jonas-tug/SVDP_cross_stage_consistency_warmup_vsc-tools/runs/d7pmls2w
wandb: ️⚡ View job at https://wandb.ai/jonas-tug/SVDP_cross_stage_consistency_warmup_vsc-tools/jobs/QXJ0aWZhY3RDb2xsZWN0aW9uOjYxNTkyMzI1NA==/version_details/v52
wandb: Synced 6 W&B file(s), 0 media file(s), 3 artifact file(s) and 1 other file(s)
wandb: Find logs at: ./wandb/run-20250425_223822-d7pmls2w/logs
