/home/fs72306/leijx0408/.conda/envs/svdp/lib/python3.8/site-packages/timm/models/layers/__init__.py:48: FutureWarning: Importing from timm.models.layers is deprecated, please import via timm.layers
  warnings.warn(f"Importing from {__name__} is deprecated, please import via timm.layers", FutureWarning)
/home/fs72306/leijx0408/.conda/envs/svdp/lib/python3.8/site-packages/timm/models/registry.py:4: FutureWarning: Importing from timm.models.registry is deprecated, please import via timm.models
  warnings.warn(f"Importing from {__name__} is deprecated, please import via timm.models", FutureWarning)
wandb: Currently logged in as: leijixiang0408 (jonas-tug). Use `wandb login --relogin` to force relogin
wandb: wandb version 0.19.9 is available!  To upgrade, please run:
wandb:  $ pip install wandb --upgrade
wandb: Tracking run with wandb version 0.16.2
wandb: Run data is saved locally in /home/fs72306/leijx0408/SVDP_cross_stage_consistency_warmup_vsc/wandb/run-20250420_184207-oenq520y
wandb: Run `wandb offline` to turn off syncing.
wandb: Syncing run debug
wandb: ⭐️ View project at https://wandb.ai/jonas-tug/SVDP_cross_stage_consistency_warmup_vsc-tools
wandb: 🚀 View run at https://wandb.ai/jonas-tug/SVDP_cross_stage_consistency_warmup_vsc-tools/runs/oenq520y
2025-04-20 18:42:10,679 - mmseg - INFO - Loaded 400 images
2025-04-20 18:42:10,685 - mmseg - INFO - Loaded 400 images
2025-04-20 18:42:10,692 - mmseg - INFO - Loaded 400 images
2025-04-20 18:42:10,697 - mmseg - INFO - Loaded 400 images
wandb: - 1.348 MB of 1.348 MB uploaded (1.198 MB deduped)wandb: \ 1.348 MB of 1.348 MB uploaded (1.198 MB deduped)wandb: | 1.348 MB of 1.348 MB uploaded (1.198 MB deduped)wandb: / 1.348 MB of 1.348 MB uploaded (1.198 MB deduped)wandb: - 1.423 MB of 1.436 MB uploaded (1.205 MB deduped)wandb: \ 1.436 MB of 1.436 MB uploaded (1.205 MB deduped)wandb: 
wandb: Run history:
wandb: revisiting_step ▁
wandb: 
wandb: Run summary:
wandb: revisiting_step 0
wandb: 
wandb: 🚀 View run debug at: https://wandb.ai/jonas-tug/SVDP_cross_stage_consistency_warmup_vsc-tools/runs/oenq520y
wandb: ️⚡ View job at https://wandb.ai/jonas-tug/SVDP_cross_stage_consistency_warmup_vsc-tools/jobs/QXJ0aWZhY3RDb2xsZWN0aW9uOjYxNTkyMzI1NA==/version_details/v20
wandb: Synced 6 W&B file(s), 0 media file(s), 667 artifact file(s) and 1 other file(s)
wandb: Find logs at: ./wandb/run-20250420_184207-oenq520y/logs
Traceback (most recent call last):
  File "tools/svdp.py", line 337, in <module>
    main()
  File "tools/svdp.py", line 297, in main
    outputs = single_gpu_svdp(args, model, data_loader, args.show, args.show_dir,
  File "/home/fs72306/leijx0408/SVDP_cross_stage_consistency_warmup_vsc/mmseg/apis/test.py", line 676, in single_gpu_svdp
    probs_tensor = probs_tensor.permute(0, 2, 3, 1)  # [B, H, W, C]
RuntimeError: number of dims don't match in permute
