/home/fs72306/leijx0408/.conda/envs/svdp/lib/python3.8/site-packages/timm/models/layers/__init__.py:48: FutureWarning: Importing from timm.models.layers is deprecated, please import via timm.layers
  warnings.warn(f"Importing from {__name__} is deprecated, please import via timm.layers", FutureWarning)
/home/fs72306/leijx0408/.conda/envs/svdp/lib/python3.8/site-packages/timm/models/registry.py:4: FutureWarning: Importing from timm.models.registry is deprecated, please import via timm.models
  warnings.warn(f"Importing from {__name__} is deprecated, please import via timm.models", FutureWarning)
wandb: Currently logged in as: leijixiang0408 (jonas-tug). Use `wandb login --relogin` to force relogin
wandb: wandb version 0.19.9 is available!  To upgrade, please run:
wandb:  $ pip install wandb --upgrade
wandb: Tracking run with wandb version 0.16.2
wandb: Run data is saved locally in /home/fs72306/leijx0408/SVDP_cross_stage_consistency_warmup_vsc/wandb/run-20250420_233221-7ujr0hvo
wandb: Run `wandb offline` to turn off syncing.
wandb: Syncing run debug
wandb: ⭐️ View project at https://wandb.ai/jonas-tug/SVDP_cross_stage_consistency_warmup_vsc-tools
wandb: 🚀 View run at https://wandb.ai/jonas-tug/SVDP_cross_stage_consistency_warmup_vsc-tools/runs/7ujr0hvo
2025-04-20 23:32:25,791 - mmseg - INFO - Loaded 400 images
2025-04-20 23:32:25,797 - mmseg - INFO - Loaded 400 images
2025-04-20 23:32:25,803 - mmseg - INFO - Loaded 400 images
2025-04-20 23:32:25,809 - mmseg - INFO - Loaded 400 images
wandb: - 1.435 MB of 3.829 MB uploaded (1.316 MB deduped)wandb: \ 1.435 MB of 3.829 MB uploaded (1.316 MB deduped)wandb: | 1.435 MB of 3.829 MB uploaded (1.316 MB deduped)wandb: / 1.435 MB of 3.829 MB uploaded (1.316 MB deduped)wandb: - 1.435 MB of 3.829 MB uploaded (1.316 MB deduped)wandb: \ 1.435 MB of 3.829 MB uploaded (1.316 MB deduped)wandb: | 1.435 MB of 3.829 MB uploaded (1.316 MB deduped)wandb: / 1.435 MB of 3.829 MB uploaded (1.316 MB deduped)wandb: - 2.822 MB of 3.923 MB uploaded (2.622 MB deduped)wandb: \ 3.123 MB of 3.923 MB uploaded (2.923 MB deduped)wandb: | 3.641 MB of 3.923 MB uploaded (3.441 MB deduped)wandb: / 3.923 MB of 3.923 MB uploaded (3.693 MB deduped)wandb: - 3.923 MB of 3.923 MB uploaded (3.693 MB deduped)wandb: \ 3.923 MB of 3.923 MB uploaded (3.693 MB deduped)wandb:                                                                                
wandb: W&B sync reduced upload amount by 94.1%             
wandb: 
wandb: Run history:
wandb:        All_mIoU ▁
wandb:            mIoU █▁▇▆
wandb:       mean_mIoU ▁
wandb: revisiting_step ▁
wandb: 
wandb: Run summary:
wandb:        All_mIoU 0.62077
wandb:            mIoU 0.6387
wandb:       mean_mIoU 0.62077
wandb: revisiting_step 0
wandb: 
wandb: 🚀 View run debug at: https://wandb.ai/jonas-tug/SVDP_cross_stage_consistency_warmup_vsc-tools/runs/7ujr0hvo
wandb: ️⚡ View job at https://wandb.ai/jonas-tug/SVDP_cross_stage_consistency_warmup_vsc-tools/jobs/QXJ0aWZhY3RDb2xsZWN0aW9uOjYxNTkyMzI1NA==/version_details/v23
wandb: Synced 6 W&B file(s), 0 media file(s), 1995 artifact file(s) and 1 other file(s)
wandb: Find logs at: ./wandb/run-20250420_233221-7ujr0hvo/logs
