/home/fs72306/leijx0408/.conda/envs/svdp/lib/python3.8/site-packages/timm/models/layers/__init__.py:48: FutureWarning: Importing from timm.models.layers is deprecated, please import via timm.layers
  warnings.warn(f"Importing from {__name__} is deprecated, please import via timm.layers", FutureWarning)
/home/fs72306/leijx0408/.conda/envs/svdp/lib/python3.8/site-packages/timm/models/registry.py:4: FutureWarning: Importing from timm.models.registry is deprecated, please import via timm.models
  warnings.warn(f"Importing from {__name__} is deprecated, please import via timm.models", FutureWarning)
wandb: Currently logged in as: leijixiang0408 (jonas-tug). Use `wandb login --relogin` to force relogin
wandb: wandb version 0.19.10 is available!  To upgrade, please run:
wandb:  $ pip install wandb --upgrade
wandb: Tracking run with wandb version 0.16.2
wandb: Run data is saved locally in /home/fs72306/leijx0408/SVDP_cross_stage_consistency_warmup_vsc/wandb/run-20250505_190201-qj8wzf2q
wandb: Run `wandb offline` to turn off syncing.
wandb: Syncing run debug
wandb: ⭐️ View project at https://wandb.ai/jonas-tug/SVDP_cross_stage_consistency_warmup_vsc-tools
wandb: 🚀 View run at https://wandb.ai/jonas-tug/SVDP_cross_stage_consistency_warmup_vsc-tools/runs/qj8wzf2q
2025-05-05 19:02:06,377 - mmseg - INFO - Loaded 400 images
2025-05-05 19:02:06,393 - mmseg - INFO - Loaded 400 images
2025-05-05 19:02:06,408 - mmseg - INFO - Loaded 400 images
2025-05-05 19:02:06,424 - mmseg - INFO - Loaded 400 images
wandb: - 1.349 MB of 1.349 MB uploaded (1.229 MB deduped)wandb: \ 1.349 MB of 1.349 MB uploaded (1.229 MB deduped)wandb: | 1.349 MB of 1.349 MB uploaded (1.229 MB deduped)wandb: / 1.349 MB of 1.349 MB uploaded (1.229 MB deduped)wandb: - 1.424 MB of 1.443 MB uploaded (1.236 MB deduped)wandb: \ 1.424 MB of 1.443 MB uploaded (1.236 MB deduped)wandb: | 1.443 MB of 1.443 MB uploaded (1.236 MB deduped)wandb:                                                                                
wandb: W&B sync reduced upload amount by 85.7%             
wandb: 
wandb: Run history:
wandb:        All_mIoU ▁
wandb:            mIoU █▁▇▆
wandb:       mean_mIoU ▁
wandb: revisiting_step ▁
wandb: 
wandb: Run summary:
wandb:        All_mIoU 0.62083
wandb:            mIoU 0.6441
wandb:       mean_mIoU 0.62083
wandb: revisiting_step 0
wandb: 
wandb: 🚀 View run debug at: https://wandb.ai/jonas-tug/SVDP_cross_stage_consistency_warmup_vsc-tools/runs/qj8wzf2q
wandb: ️⚡ View job at https://wandb.ai/jonas-tug/SVDP_cross_stage_consistency_warmup_vsc-tools/jobs/QXJ0aWZhY3RDb2xsZWN0aW9uOjYxNTkyMzI1NA==/version_details/v80
wandb: Synced 6 W&B file(s), 0 media file(s), 668 artifact file(s) and 1 other file(s)
wandb: Find logs at: ./wandb/run-20250505_190201-qj8wzf2q/logs
